========================================
Glass House Refresh: Tue Jan 27 17:15:47 EST 2026
========================================
[1/3] Scraping Singularity...
17:15:47 [INFO] Fetching sales history...
17:15:48 [INFO]   Fetched 100 records (total: 100)
17:15:48 [INFO]   Fetched 100 records (total: 200)
17:15:48 [INFO]   Fetched 100 records (total: 300)
17:15:48 [INFO]   Fetched 100 records (total: 400)
17:15:48 [INFO]   Fetched 100 records (total: 500)
17:15:49 [INFO]   Fetched 100 records (total: 600)
17:15:49 [INFO]   Fetched 100 records (total: 700)
17:15:49 [INFO]   Fetched 100 records (total: 800)
17:15:49 [INFO]   Fetched 100 records (total: 900)
17:15:49 [INFO]   Fetched 100 records (total: 1000)
17:15:50 [INFO]   Fetched 100 records (total: 1100)
17:15:50 [INFO]   Fetched 100 records (total: 1200)
17:15:50 [INFO]   Fetched 100 records (total: 1300)
17:15:50 [INFO]   Fetched 100 records (total: 1400)
17:15:51 [INFO]   Fetched 100 records (total: 1500)
17:15:51 [INFO]   Fetched 100 records (total: 1600)
17:15:51 [INFO]   Fetched 100 records (total: 1700)
17:15:51 [INFO]   Fetched 100 records (total: 1800)
17:15:51 [INFO]   Fetched 100 records (total: 1900)
17:15:52 [INFO]   Fetched 100 records (total: 2000)
17:15:52 [INFO]   Fetched 100 records (total: 2100)
17:15:52 [INFO]   Fetched 100 records (total: 2200)
17:15:52 [INFO]   Fetched 100 records (total: 2300)
17:15:52 [INFO]   Fetched 100 records (total: 2400)
17:15:53 [INFO]   Fetched 100 records (total: 2500)
17:15:53 [INFO]   Fetched 100 records (total: 2600)
17:15:53 [INFO]   Fetched 100 records (total: 2700)
17:15:53 [INFO]   Fetched 100 records (total: 2800)
17:15:53 [INFO]   Fetched 100 records (total: 2900)
17:15:54 [INFO]   Fetched 21 records (total: 2921)
17:15:54 [INFO]   No more records at offset 3000
17:15:54 [INFO] Total sales fetched: 2921
17:15:54 [INFO] Date range: 2025-08-25 to 2026-01-26
17:15:54 [INFO] Fetching dashboard page for chart data...
17:15:54 [INFO]   Found daily sales chart: 148 days
17:15:54 [INFO]   Found daily revenue chart: 148 days
17:15:54 [INFO] Fetching map data...
17:15:54 [INFO]   Fetched map data for 478 locations

============================================================
  Singularity Research Fund - Opendoor Tracker Scraper
============================================================

Saved 2921 sales to: /Users/mabramsky/glasshouse/outputs/singularity_sales_2026-01-27.csv
Saved 148 days of data to: /Users/mabramsky/glasshouse/outputs/singularity_daily_2026-01-27.csv
Saved chart data to: /Users/mabramsky/glasshouse/outputs/singularity_charts_2026-01-27.json
Saved map data (478 locations) to: /Users/mabramsky/glasshouse/outputs/singularity_map_2026-01-27.json

------------------------------------------------------------
Summary:
  Sales records: 2921
  Date range: 2025-08-25 to 2026-01-26
  Chart data: Sep 01 to Jan 26
============================================================

[2/3] Merging datasets...
17:15:55 [INFO] Loading Parcl sales: /Users/mabramsky/Desktop/glasshouse/opendoor-home-sales-2026-01-27 (1).csv
17:15:55 [INFO]   Loaded 319 Parcl sales
17:15:55 [INFO] Loading Parcl listings: /Users/mabramsky/Desktop/glasshouse/opendoor-for-sale-listings-2026-01-27 (1).csv
17:15:55 [INFO]   Loaded 764 Parcl listings
17:15:55 [INFO] Loading Singularity sales: /Users/mabramsky/glasshouse/outputs/singularity_sales_2026-01-27.csv
17:15:55 [INFO]   Loaded 2921 Singularity sales
17:15:55 [INFO] Loading Singularity daily: /Users/mabramsky/glasshouse/outputs/singularity_daily_2026-01-27.csv
17:15:55 [INFO]   Loaded 148 days of timeseries
17:15:55 [INFO] Matching records between datasets...
17:15:55 [INFO]   Matched 175 records
17:15:55 [INFO]   Parcl unmatched: 144
17:15:55 [INFO]   Singularity unmatched: 2746
17:15:55 [INFO] Creating unified sales dataset...
17:15:56 [INFO]   Unified dataset: 3065 total sales
17:15:56 [INFO]     - Matched: 175
17:15:56 [INFO]     - Singularity-only: 2746
17:15:56 [INFO]     - Parcl-only: 144
17:15:56 [INFO] Creating unified daily timeseries...
17:15:56 [INFO]   Daily timeseries: 148 days
17:15:56 [INFO] Saved: /Users/mabramsky/glasshouse/outputs/unified_sales_2026-01-27.csv
17:15:56 [INFO] Saved: /Users/mabramsky/glasshouse/outputs/unified_daily_2026-01-27.csv
17:15:56 [INFO] Saved: /Users/mabramsky/glasshouse/outputs/unified_metrics_2026-01-27.json

======================================================================
  MERGING OPENDOOR DATASETS
======================================================================

======================================================================
  UNIFIED DATASET SUMMARY
======================================================================

  Total Sales: 710
    - Matched (both sources): 175
    - Singularity-only: 391
    - Parcl-only: 144

  Data Coverage:
    - P&L data: 39.0% of sales
    - Property details: 79.7% of sales
    - Full data (both): 24.6% of sales

  Q1 2026 Metrics:
    - Total Revenue: $272,444,700
    - Daily Avg Sales: 21.8 homes
    - Win Rate: 79.1% (from 277 sales with P&L)
    - Avg Profit: $46,407
    - Total Realized: $8,401,357

======================================================================
  Output files saved to: /Users/mabramsky/glasshouse/outputs
======================================================================

[3/3] Generating dashboard data...
Loading unified data...
Q1 2026: 710 sales, 26 days

Saved: /Users/mabramsky/glasshouse/outputs/unified_dashboard_data.json

============================================================
  DASHBOARD DATA SUMMARY
============================================================

  Q1 2026 (2026-01-26):
    Sales: 710
    Revenue: $272,444,700
    Daily Avg: 21.8 sales/day
    Win Rate: 79.1%
    Guidance Pacing: 94.3%
============================================================


Refresh complete: Tue Jan 27 17:15:56 EST 2026
========================================
========================================
Glass House Refresh: Tue Jan 27 17:27:38 EST 2026
========================================
[1/4] Scraping Singularity...
17:27:39 [INFO] Fetching sales history...
17:27:40 [INFO]   Fetched 100 records (total: 100)
17:27:40 [INFO]   Fetched 100 records (total: 200)
17:27:40 [INFO]   Fetched 100 records (total: 300)
17:27:40 [INFO]   Fetched 100 records (total: 400)
17:27:40 [INFO]   Fetched 100 records (total: 500)
17:27:41 [INFO]   Fetched 100 records (total: 600)
17:27:41 [INFO]   Fetched 100 records (total: 700)
17:27:41 [INFO]   Fetched 100 records (total: 800)
17:27:41 [INFO]   Fetched 100 records (total: 900)
17:27:41 [INFO]   Fetched 100 records (total: 1000)
17:27:42 [INFO]   Fetched 100 records (total: 1100)
17:27:42 [INFO]   Fetched 100 records (total: 1200)
17:27:42 [INFO]   Fetched 100 records (total: 1300)
17:27:42 [INFO]   Fetched 100 records (total: 1400)
17:27:43 [INFO]   Fetched 100 records (total: 1500)
17:27:43 [INFO]   Fetched 100 records (total: 1600)
17:27:43 [INFO]   Fetched 100 records (total: 1700)
17:27:43 [INFO]   Fetched 100 records (total: 1800)
17:27:43 [INFO]   Fetched 100 records (total: 1900)
17:27:44 [INFO]   Fetched 100 records (total: 2000)
17:27:44 [INFO]   Fetched 100 records (total: 2100)
17:27:44 [INFO]   Fetched 100 records (total: 2200)
17:27:44 [INFO]   Fetched 100 records (total: 2300)
17:27:44 [INFO]   Fetched 100 records (total: 2400)
17:27:45 [INFO]   Fetched 100 records (total: 2500)
17:27:45 [INFO]   Fetched 100 records (total: 2600)
17:27:45 [INFO]   Fetched 100 records (total: 2700)
17:27:45 [INFO]   Fetched 100 records (total: 2800)
17:27:45 [INFO]   Fetched 100 records (total: 2900)
17:27:46 [INFO]   Fetched 19 records (total: 2919)
17:27:46 [INFO]   No more records at offset 3000
17:27:46 [INFO] Total sales fetched: 2919
17:27:46 [INFO] Date range: 2025-08-25 to 2026-01-26
17:27:46 [INFO] Fetching dashboard page for chart data...
17:27:46 [INFO]   Found daily sales chart: 148 days
17:27:46 [INFO]   Found daily revenue chart: 148 days
17:27:46 [INFO] Fetching map data...
17:27:47 [INFO]   Fetched map data for 477 locations

============================================================
  Singularity Research Fund - Opendoor Tracker Scraper
============================================================

Saved 2919 sales to: /Users/mabramsky/glasshouse/outputs/singularity_sales_2026-01-27.csv
Saved 148 days of data to: /Users/mabramsky/glasshouse/outputs/singularity_daily_2026-01-27.csv
Saved chart data to: /Users/mabramsky/glasshouse/outputs/singularity_charts_2026-01-27.json
Saved map data (477 locations) to: /Users/mabramsky/glasshouse/outputs/singularity_map_2026-01-27.json

------------------------------------------------------------
Summary:
  Sales records: 2919
  Date range: 2025-08-25 to 2026-01-26
  Chart data: Sep 01 to Jan 26
============================================================

[2/4] Merging datasets...
17:27:47 [INFO] Loading Parcl sales: /Users/mabramsky/Desktop/glasshouse/opendoor-home-sales-2026-01-27 (1).csv
17:27:47 [INFO]   Loaded 319 Parcl sales
17:27:47 [INFO] Loading Parcl listings: /Users/mabramsky/Desktop/glasshouse/opendoor-for-sale-listings-2026-01-27 (1).csv
17:27:47 [INFO]   Loaded 764 Parcl listings
17:27:47 [INFO] Loading Singularity sales: /Users/mabramsky/glasshouse/outputs/singularity_sales_2026-01-27.csv
17:27:47 [INFO]   Loaded 2919 Singularity sales
17:27:47 [INFO] Loading Singularity daily: /Users/mabramsky/glasshouse/outputs/singularity_daily_2026-01-27.csv
17:27:47 [INFO]   Loaded 148 days of timeseries
17:27:47 [INFO] Matching records between datasets...
17:27:48 [INFO]   Matched 175 records
17:27:48 [INFO]   Parcl unmatched: 144
17:27:48 [INFO]   Singularity unmatched: 2744
17:27:48 [INFO] Creating unified sales dataset...
17:27:48 [INFO]   Unified dataset: 3063 total sales
17:27:48 [INFO]     - Matched: 175
17:27:48 [INFO]     - Singularity-only: 2744
17:27:48 [INFO]     - Parcl-only: 144
17:27:48 [INFO] Creating unified daily timeseries...
17:27:48 [INFO]   Daily timeseries: 148 days
17:27:48 [INFO] Saved: /Users/mabramsky/glasshouse/outputs/unified_sales_2026-01-27.csv
17:27:48 [INFO] Saved: /Users/mabramsky/glasshouse/outputs/unified_daily_2026-01-27.csv
17:27:48 [INFO] Saved: /Users/mabramsky/glasshouse/outputs/unified_metrics_2026-01-27.json

======================================================================
  MERGING OPENDOOR DATASETS
======================================================================

======================================================================
  UNIFIED DATASET SUMMARY
======================================================================

  Total Sales: 708
    - Matched (both sources): 175
    - Singularity-only: 389
    - Parcl-only: 144

  Data Coverage:
    - P&L data: 39.1% of sales
    - Property details: 79.7% of sales
    - Full data (both): 24.7% of sales

  Q1 2026 Metrics:
    - Total Revenue: $271,490,700
    - Daily Avg Sales: 21.7 homes
    - Win Rate: 79.1% (from 277 sales with P&L)
    - Avg Profit: $46,407
    - Total Realized: $8,401,357

======================================================================
  Output files saved to: /Users/mabramsky/glasshouse/outputs
======================================================================

[3/4] Generating dashboard data...
Loading unified data...
Q1 2026: 708 sales, 26 days

Saved: /Users/mabramsky/glasshouse/outputs/unified_dashboard_data.json

============================================================
  DASHBOARD DATA SUMMARY
============================================================

  Q1 2026 (2026-01-26):
    Sales: 708
    Revenue: $271,490,700
    Daily Avg: 21.7 sales/day
    Win Rate: 79.1%
    Guidance Pacing: 94.0%
============================================================

[4/4] Deploying to GitHub Pages...
[master 1d16f59] Daily data refresh 2026-01-27
 1 file changed, 49 insertions(+), 49 deletions(-)
To github.com:permitleads/glasshouse1.git
   a96de85..1d16f59  master -> master

Refresh complete: Tue Jan 27 17:27:49 EST 2026
========================================
========================================
Glass House Refresh: Tue Jan 27 18:00:01 EST 2026
========================================
[1/4] Scraping Singularity...
18:00:04 [INFO] Fetching sales history...
18:00:04 [INFO]   Fetched 100 records (total: 100)
18:00:04 [INFO]   Fetched 100 records (total: 200)
18:00:05 [INFO]   Fetched 100 records (total: 300)
18:00:05 [INFO]   Fetched 100 records (total: 400)
18:00:05 [INFO]   Fetched 100 records (total: 500)
18:00:05 [INFO]   Fetched 100 records (total: 600)
18:00:06 [INFO]   Fetched 100 records (total: 700)
18:00:06 [INFO]   Fetched 100 records (total: 800)
18:00:06 [INFO]   Fetched 100 records (total: 900)
18:00:06 [INFO]   Fetched 100 records (total: 1000)
18:00:07 [INFO]   Fetched 100 records (total: 1100)
18:00:07 [INFO]   Fetched 100 records (total: 1200)
18:00:07 [INFO]   Fetched 100 records (total: 1300)
18:00:07 [INFO]   Fetched 100 records (total: 1400)
18:00:08 [INFO]   Fetched 100 records (total: 1500)
18:00:08 [INFO]   Fetched 100 records (total: 1600)
18:00:08 [INFO]   Fetched 100 records (total: 1700)
18:00:08 [INFO]   Fetched 100 records (total: 1800)
18:00:09 [INFO]   Fetched 100 records (total: 1900)
18:00:09 [INFO]   Fetched 100 records (total: 2000)
18:00:09 [INFO]   Fetched 100 records (total: 2100)
18:00:09 [INFO]   Fetched 100 records (total: 2200)
18:00:10 [INFO]   Fetched 100 records (total: 2300)
18:00:10 [INFO]   Fetched 100 records (total: 2400)
18:00:10 [INFO]   Fetched 100 records (total: 2500)
18:00:10 [INFO]   Fetched 100 records (total: 2600)
18:00:10 [INFO]   Fetched 100 records (total: 2700)
18:00:11 [INFO]   Fetched 100 records (total: 2800)
18:00:11 [INFO]   Fetched 100 records (total: 2900)
18:00:11 [INFO]   Fetched 19 records (total: 2919)
18:00:11 [INFO]   No more records at offset 3000
18:00:11 [INFO] Total sales fetched: 2919
18:00:11 [INFO] Date range: 2025-08-25 to 2026-01-26
18:00:11 [INFO] Fetching dashboard page for chart data...
18:00:12 [INFO]   Found daily sales chart: 148 days
18:00:12 [INFO]   Found daily revenue chart: 148 days
18:00:12 [INFO] Fetching map data...
18:00:12 [INFO]   Fetched map data for 478 locations

============================================================
  Singularity Research Fund - Opendoor Tracker Scraper
============================================================

Saved 2919 sales to: /Users/mabramsky/glasshouse/outputs/singularity_sales_2026-01-27.csv
Saved 148 days of data to: /Users/mabramsky/glasshouse/outputs/singularity_daily_2026-01-27.csv
Saved chart data to: /Users/mabramsky/glasshouse/outputs/singularity_charts_2026-01-27.json
Saved map data (478 locations) to: /Users/mabramsky/glasshouse/outputs/singularity_map_2026-01-27.json

------------------------------------------------------------
Summary:
  Sales records: 2919
  Date range: 2025-08-25 to 2026-01-26
  Chart data: Sep 01 to Jan 26
============================================================

[2/4] Merging datasets...
18:00:15 [INFO] Loading Parcl sales: /Users/mabramsky/Desktop/glasshouse/opendoor-home-sales-2026-01-27 (1).csv
18:00:15 [INFO]   Loaded 319 Parcl sales
18:00:15 [INFO] Loading Parcl listings: /Users/mabramsky/Desktop/glasshouse/opendoor-for-sale-listings-2026-01-27 (1).csv
18:00:15 [INFO]   Loaded 764 Parcl listings
18:00:15 [INFO] Loading Singularity sales: /Users/mabramsky/glasshouse/outputs/singularity_sales_2026-01-27.csv
18:00:15 [INFO]   Loaded 2919 Singularity sales
18:00:15 [INFO] Loading Singularity daily: /Users/mabramsky/glasshouse/outputs/singularity_daily_2026-01-27.csv
18:00:15 [INFO]   Loaded 148 days of timeseries
18:00:15 [INFO] Matching records between datasets...
18:00:16 [INFO]   Matched 175 records
18:00:16 [INFO]   Parcl unmatched: 144
18:00:16 [INFO]   Singularity unmatched: 2744
18:00:16 [INFO] Creating unified sales dataset...
18:00:16 [INFO]   Unified dataset: 3063 total sales
18:00:16 [INFO]     - Matched: 175
18:00:16 [INFO]     - Singularity-only: 2744
18:00:16 [INFO]     - Parcl-only: 144
18:00:16 [INFO] Creating unified daily timeseries...
18:00:16 [INFO]   Daily timeseries: 148 days
18:00:16 [INFO] Saved: /Users/mabramsky/glasshouse/outputs/unified_sales_2026-01-27.csv
18:00:16 [INFO] Saved: /Users/mabramsky/glasshouse/outputs/unified_daily_2026-01-27.csv
18:00:16 [INFO] Saved: /Users/mabramsky/glasshouse/outputs/unified_metrics_2026-01-27.json

======================================================================
  MERGING OPENDOOR DATASETS
======================================================================

======================================================================
  UNIFIED DATASET SUMMARY
======================================================================

  Total Sales: 708
    - Matched (both sources): 175
    - Singularity-only: 389
    - Parcl-only: 144

  Data Coverage:
    - P&L data: 39.1% of sales
    - Property details: 79.7% of sales
    - Full data (both): 24.7% of sales

  Q1 2026 Metrics:
    - Total Revenue: $271,490,700
    - Daily Avg Sales: 21.7 homes
    - Win Rate: 79.1% (from 277 sales with P&L)
    - Avg Profit: $46,407
    - Total Realized: $8,401,357

======================================================================
  Output files saved to: /Users/mabramsky/glasshouse/outputs
======================================================================

[3/4] Generating dashboard data...
Loading unified data...
Q1 2026: 708 sales, 26 days

Saved: /Users/mabramsky/glasshouse/outputs/unified_dashboard_data.json

============================================================
  DASHBOARD DATA SUMMARY
============================================================

  Q1 2026 (2026-01-26):
    Sales: 708
    Revenue: $271,490,700
    Daily Avg: 21.7 sales/day
    Win Rate: 79.1%
    Guidance Pacing: 94.0%
============================================================

[4/4] Deploying to GitHub Pages...
[master 6e41873] Daily data refresh 2026-01-27
 1 file changed, 20 insertions(+), 20 deletions(-)
To github.com:permitleads/glasshouse1.git
   2048cba..6e41873  master -> master

Refresh complete: Tue Jan 27 18:00:18 EST 2026
========================================
